<?xml version="1.0" encoding="UTF-8"?>
<testng-results skipped="0" failed="0" total="1" passed="1">
  <reporter-output>
  </reporter-output>
  <suite name="Default suite" duration-ms="5257" started-at="2016-08-05T00:18:02Z" finished-at="2016-08-05T00:18:07Z">
    <groups>
    </groups>
    <test name="Default test" duration-ms="5257" started-at="2016-08-05T00:18:02Z" finished-at="2016-08-05T00:18:07Z">
      <class name="testcases.TC010">
        <test-method status="PASS" signature="checkTC010()[pri:0, instance:testcases.TC010@742aa2]" name="checkTC010" duration-ms="4416" started-at="2016-08-05T05:48:02Z" finished-at="2016-08-05T05:48:06Z">
          <reporter-output>
          </reporter-output>
        </test-method> <!-- checkTC010 -->
        <test-method status="PASS" signature="tearDown(org.testng.ITestResult)[pri:0, instance:testcases.TC010@742aa2]" name="tearDown" is-config="true" duration-ms="781" started-at="2016-08-05T05:48:06Z" finished-at="2016-08-05T05:48:07Z">
          <params>
            <param index="0">
              <value>
                <![CDATA[[TestResult name=checkTC010 status=SUCCESS method=TC010.checkTC010()[pri:0, instance:testcases.TC010@742aa2] output={null}]]]>
              </value>
            </param>
          </params>
          <reporter-output>
          </reporter-output>
        </test-method> <!-- tearDown -->
      </class> <!-- testcases.TC010 -->
    </test> <!-- Default test -->
  </suite> <!-- Default suite -->
</testng-results>
