<?xml version="1.0" encoding="UTF-8"?>
<!-- Generated by org.testng.reporters.JUnitXMLReporter -->
<testsuite hostname="systems-HP-246-Notebook-PC" name="Test" tests="1" failures="1" timestamp="4 Aug 2016 20:39:17 GMT" time="3.006" errors="0">
  <testcase name="checkTC005" time="2.933" classname="testcases.TC005">
    <failure type="java.lang.AssertionError" message="expected [-] but found [+]">
      <![CDATA[java.lang.AssertionError: expected [-] but found [+]
	at testcases.TC005.checkTC005(TC005.java:43)
... Removed 32 stack frames]]>
    </failure>
  </testcase> <!-- checkTC005 -->
</testsuite> <!-- Test -->
